# JRE version: OpenJDK Runtime Environment (8.0_202-b03) (build 1.8.0_202-release-1483-b03)
# Java VM: OpenJDK 64-Bit Server VM (25.202-b03 mixed mode windows-amd64 compressed oops)
Heap:
 PSYoungGen      total 71680K, used 10505K [0x00000000d5980000, 0x00000000da480000, 0x0000000100000000)
  eden space 66560K, 8% used [0x00000000d5980000,0x00000000d5ec71d0,0x00000000d9a80000)
  from space 5120K, 99% used [0x00000000d9f80000,0x00000000da47b590,0x00000000da480000)
  to   space 5120K, 0% used [0x00000000d9a80000,0x00000000d9a80000,0x00000000d9f80000)
 ParOldGen       total 62976K, used 26586K [0x0000000080c00000, 0x0000000084980000, 0x00000000d5980000)
  object space 62976K, 42% used [0x0000000080c00000,0x00000000825f6a48,0x0000000084980000)
 Metaspace       used 39504K, capacity 40128K, committed 40448K, reserved 1085440K
  class space    used 4917K, capacity 5069K, committed 5120K, reserved 1048576K
GC Heap History (10 events):
Event: 1.518 GC heap before
{Heap before GC invocations=4 (full 1):
 PSYoungGen      total 71680K, used 5113K [0x00000000d5980000, 0x00000000da480000, 0x0000000100000000)
  eden space 66560K, 0% used [0x00000000d5980000,0x00000000d5980000,0x00000000d9a80000)
  from space 5120K, 99% used [0x00000000d9a80000,0x00000000d9f7e640,0x00000000d9f80000)
  to   space 5120K, 0% used [0x00000000d9f80000,0x00000000d9f80000,0x00000000da480000)
 ParOldGen       total 87552K, used 11423K [0x0000000080c00000, 0x0000000086180000, 0x00000000d5980000)
  object space 87552K, 13% used [0x0000000080c00000,0x0000000081727e98,0x0000000086180000)
 Metaspace       used 20699K, capacity 21114K, committed 21296K, reserved 1069056K
  class space    used 2451K, capacity 2595K, committed 2688K, reserved 1048576K
Event: 1.554 GC heap after
Heap after GC invocations=4 (full 1):
 PSYoungGen      total 71680K, used 0K [0x00000000d5980000, 0x00000000da480000, 0x0000000100000000)
  eden space 66560K, 0% used [0x00000000d5980000,0x00000000d5980000,0x00000000d9a80000)
  from space 5120K, 0% used [0x00000000d9a80000,0x00000000d9a80000,0x00000000d9f80000)
  to   space 5120K, 0% used [0x00000000d9f80000,0x00000000d9f80000,0x00000000da480000)
 ParOldGen       total 62976K, used 8443K [0x0000000080c00000, 0x0000000084980000, 0x00000000d5980000)
  object space 62976K, 13% used [0x0000000080c00000,0x000000008143eca8,0x0000000084980000)
 Metaspace       used 20699K, capacity 21114K, committed 21296K, reserved 1069056K
  class space    used 2451K, capacity 2595K, committed 2688K, reserved 1048576K
}
Event: 2.486 GC heap before
{Heap before GC invocations=5 (full 1):
 PSYoungGen      total 71680K, used 66560K [0x00000000d5980000, 0x00000000da480000, 0x0000000100000000)
  eden space 66560K, 100% used [0x00000000d5980000,0x00000000d9a80000,0x00000000d9a80000)
  from space 5120K, 0% used [0x00000000d9a80000,0x00000000d9a80000,0x00000000d9f80000)
  to   space 5120K, 0% used [0x00000000d9f80000,0x00000000d9f80000,0x00000000da480000)
 ParOldGen       total 62976K, used 8443K [0x0000000080c00000, 0x0000000084980000, 0x00000000d5980000)
  object space 62976K, 13% used [0x0000000080c00000,0x000000008143eca8,0x0000000084980000)
 Metaspace       used 30199K, capacity 30790K, committed 30976K, reserved 1077248K
  class space    used 3882K, capacity 4029K, committed 4096K, reserved 1048576K
Event: 2.502 GC heap after
Heap after GC invocations=5 (full 1):
 PSYoungGen      total 71680K, used 5090K [0x00000000d5980000, 0x00000000da480000, 0x0000000100000000)
  eden space 66560K, 0% used [0x00000000d5980000,0x00000000d5980000,0x00000000d9a80000)
  from space 5120K, 99% used [0x00000000d9f80000,0x00000000da478908,0x00000000da480000)
  to   space 5120K, 0% used [0x00000000d9a80000,0x00000000d9a80000,0x00000000d9f80000)
 ParOldGen       total 62976K, used 20138K [0x0000000080c00000, 0x0000000084980000, 0x00000000d5980000)
  object space 62976K, 31% used [0x0000000080c00000,0x0000000081faabd8,0x0000000084980000)
 Metaspace       used 30199K, capacity 30790K, committed 30976K, reserved 1077248K
  class space    used 3882K, capacity 4029K, committed 4096K, reserved 1048576K
}
Event: 2.930 GC heap before
{Heap before GC invocations=6 (full 1):
 PSYoungGen      total 71680K, used 29093K [0x00000000d5980000, 0x00000000da480000, 0x0000000100000000)
  eden space 66560K, 36% used [0x00000000d5980000,0x00000000d70f0c10,0x00000000d9a80000)
  from space 5120K, 99% used [0x00000000d9f80000,0x00000000da478908,0x00000000da480000)
  to   space 5120K, 0% used [0x00000000d9a80000,0x00000000d9a80000,0x00000000d9f80000)
 ParOldGen       total 62976K, used 20138K [0x0000000080c00000, 0x0000000084980000, 0x00000000d5980000)
  object space 62976K, 31% used [0x0000000080c00000,0x0000000081faabd8,0x0000000084980000)
 Metaspace       used 34713K, capacity 35276K, committed 35456K, reserved 1079296K
  class space    used 4495K, capacity 4636K, committed 4736K, reserved 1048576K
Event: 2.940 GC heap after
Heap after GC invocations=6 (full 1):
 PSYoungGen      total 71680K, used 5099K [0x00000000d5980000, 0x00000000da480000, 0x0000000100000000)
  eden space 66560K, 0% used [0x00000000d5980000,0x00000000d5980000,0x00000000d9a80000)
  from space 5120K, 99% used [0x00000000d9a80000,0x00000000d9f7adc8,0x00000000d9f80000)
  to   space 5120K, 0% used [0x00000000d9f80000,0x00000000d9f80000,0x00000000da480000)
 ParOldGen       total 62976K, used 25400K [0x0000000080c00000, 0x0000000084980000, 0x00000000d5980000)
  object space 62976K, 40% used [0x0000000080c00000,0x00000000824ce228,0x0000000084980000)
 Metaspace       used 34713K, capacity 35276K, committed 35456K, reserved 1079296K
  class space    used 4495K, capacity 4636K, committed 4736K, reserved 1048576K
}
Event: 2.940 GC heap before
{Heap before GC invocations=7 (full 2):
 PSYoungGen      total 71680K, used 5099K [0x00000000d5980000, 0x00000000da480000, 0x0000000100000000)
  eden space 66560K, 0% used [0x00000000d5980000,0x00000000d5980000,0x00000000d9a80000)
  from space 5120K, 99% used [0x00000000d9a80000,0x00000000d9f7adc8,0x00000000d9f80000)
  to   space 5120K, 0% used [0x00000000d9f80000,0x00000000d9f80000,0x00000000da480000)
 ParOldGen       total 62976K, used 25400K [0x0000000080c00000, 0x0000000084980000, 0x00000000d5980000)
  object space 62976K, 40% used [0x0000000080c00000,0x00000000824ce228,0x0000000084980000)
 Metaspace       used 34713K, capacity 35276K, committed 35456K, reserved 1079296K
  class space    used 4495K, capacity 4636K, committed 4736K, reserved 1048576K
Event: 3.001 GC heap after
Heap after GC invocations=7 (full 2):
 PSYoungGen      total 71680K, used 0K [0x00000000d5980000, 0x00000000da480000, 0x0000000100000000)
  eden space 66560K, 0% used [0x00000000d5980000,0x00000000d5980000,0x00000000d9a80000)
  from space 5120K, 0% used [0x00000000d9a80000,0x00000000d9a80000,0x00000000d9f80000)
  to   space 5120K, 0% used [0x00000000d9f80000,0x00000000d9f80000,0x00000000da480000)
 ParOldGen       total 62976K, used 18172K [0x0000000080c00000, 0x0000000084980000, 0x00000000d5980000)
  object space 62976K, 28% used [0x0000000080c00000,0x0000000081dbf340,0x0000000084980000)
 Metaspace       used 34713K, capacity 35276K, committed 35456K, reserved 1079296K
  class space    used 4495K, capacity 4636K, committed 4736K, reserved 1048576K
}
Event: 3.885 GC heap before
{Heap before GC invocations=8 (full 2):
 PSYoungGen      total 71680K, used 66560K [0x00000000d5980000, 0x00000000da480000, 0x0000000100000000)
  eden space 66560K, 100% used [0x00000000d5980000,0x00000000d9a80000,0x00000000d9a80000)
  from space 5120K, 0% used [0x00000000d9a80000,0x00000000d9a80000,0x00000000d9f80000)
  to   space 5120K, 0% used [0x00000000d9f80000,0x00000000d9f80000,0x00000000da480000)
 ParOldGen       total 62976K, used 18172K [0x0000000080c00000, 0x0000000084980000, 0x00000000d5980000)
  object space 62976K, 28% used [0x0000000080c00000,0x0000000081dbf340,0x0000000084980000)
 Metaspace       used 39406K, capacity 39996K, committed 40192K, reserved 1085440K
  class space    used 4916K, capacity 5069K, committed 5120K, reserved 1048576K
Event: 3.897 GC heap after
Heap after GC invocations=8 (full 2):
 PSYoungGen      total 71680K, used 5101K [0x00000000d5980000, 0x00000000da480000, 0x0000000100000000)
  eden space 66560K, 0% used [0x00000000d5980000,0x00000000d5980000,0x00000000d9a80000)
  from space 5120K, 99% used [0x00000000d9f80000,0x00000000da47b590,0x00000000da480000)
  to   space 5120K, 0% used [0x00000000d9a80000,0x00000000d9a80000,0x00000000d9f80000)
 ParOldGen       total 62976K, used 26586K [0x0000000080c00000, 0x0000000084980000, 0x00000000d5980000)
  object space 62976K, 42% used [0x0000000080c00000,0x00000000825f6a48,0x0000000084980000)
 Metaspace       used 39406K, capacity 39996K, committed 40192K, reserved 1085440K
  class space    used 4916K, capacity 5069K, committed 5120K, reserved 1048576K
}

